<?xml version="1.0" encoding="UTF-8"?>
<!-- Generated by org.testng.reporters.JUnitReportReporter -->
<testsuite hostname="DESKTOP-8BVEME5" failures="0" tests="3" name="com.automation.testscripts.TC12_ExcelData_NRowsNColumns" time="104.350" errors="0" timestamp="2024-02-15T13:51:50 IST" skipped="0">
  <testcase classname="com.automation.testscripts.TC12_ExcelData_NRowsNColumns" name="createRecord" time="33.323"/>
  <testcase classname="com.automation.testscripts.TC12_ExcelData_NRowsNColumns" name="createRecord" time="37.369"/>
  <testcase classname="com.automation.testscripts.TC12_ExcelData_NRowsNColumns" name="createRecord" time="33.658"/>
</testsuite> <!-- com.automation.testscripts.TC12_ExcelData_NRowsNColumns -->
