<?xml version="1.0" encoding="UTF-8"?>
<!-- Generated by org.testng.reporters.JUnitReportReporter -->
<testsuite hostname="DESKTOP-8BVEME5" failures="0" tests="1" name="com.automation.testscripts.TC04_CreateRecord" time="48.673" errors="0" timestamp="2024-02-08T23:49:41 IST" skipped="0">
  <testcase classname="com.automation.testscripts.TC04_CreateRecord" name="createRecord" time="48.673"/>
</testsuite> <!-- com.automation.testscripts.TC04_CreateRecord -->
