<?xml version="1.0" encoding="UTF-8"?>
<!-- Generated by org.testng.reporters.JUnitReportReporter -->
<testsuite hostname="DESKTOP-8BVEME5" failures="0" tests="1" name="com.automation.testscripts.TC07_ExcelData" time="37.519" errors="0" timestamp="2024-02-15T11:47:26 IST" skipped="0">
  <testcase classname="com.automation.testscripts.TC07_ExcelData" name="createRecord" time="37.519"/>
</testsuite> <!-- com.automation.testscripts.TC07_ExcelData -->
