<?xml version="1.0" encoding="UTF-8"?>
<!-- Generated by org.testng.reporters.JUnitReportReporter -->
<testsuite hostname="DESKTOP-8BVEME5" failures="0" tests="3" name="com.automation.testscripts.TC13_ExcelData_SkipFirstColumn" time="103.947" errors="0" timestamp="2024-02-15T14:00:34 IST" skipped="0">
  <testcase classname="com.automation.testscripts.TC13_ExcelData_SkipFirstColumn" name="createRecord" time="33.481"/>
  <testcase classname="com.automation.testscripts.TC13_ExcelData_SkipFirstColumn" name="createRecord" time="36.962"/>
  <testcase classname="com.automation.testscripts.TC13_ExcelData_SkipFirstColumn" name="createRecord" time="33.504"/>
</testsuite> <!-- com.automation.testscripts.TC13_ExcelData_SkipFirstColumn -->
