<?xml version="1.0" encoding="UTF-8"?>
<!-- Generated by org.testng.reporters.JUnitReportReporter -->
<testsuite hostname="DESKTOP-8BVEME5" failures="0" tests="1" name="com.automation.testscripts.TC08_ExcelData2" time="35.966" errors="0" timestamp="2024-02-15T13:17:16 IST" skipped="0">
  <testcase classname="com.automation.testscripts.TC08_ExcelData2" name="createRecord" time="35.966"/>
</testsuite> <!-- com.automation.testscripts.TC08_ExcelData2 -->
