<?xml version="1.0" encoding="UTF-8"?>
<!-- Generated by org.testng.reporters.JUnitReportReporter -->
<testsuite hostname="DESKTOP-8BVEME5" failures="0" tests="1" name="com.automation.testcases.DataProvidersDemo" time="0.629" errors="0" timestamp="2024-02-26T21:30:47 IST" skipped="0">
  <testcase classname="com.automation.testcases.DataProvidersDemo" name="Login" time="0.629"/>
</testsuite> <!-- com.automation.testcases.DataProvidersDemo -->
