<?xml version="1.0" encoding="UTF-8"?>
<!-- Generated by org.testng.reporters.JUnitReportReporter -->
<testsuite hostname="DESKTOP-8BVEME5" failures="0" tests="1" name="com.automation.ExtentReports.ExtentReportsDemo" time="5.997" errors="0" timestamp="2024-02-20T20:54:20 IST" skipped="0">
  <testcase classname="com.automation.ExtentReports.ExtentReportsDemo" name="createReport_GetTitle" time="5.997"/>
</testsuite> <!-- com.automation.ExtentReports.ExtentReportsDemo -->
