<?xml version="1.0" encoding="UTF-8"?>
<!-- Generated by org.testng.reporters.JUnitReportReporter -->
<testsuite hostname="DESKTOP-8BVEME5" failures="0" tests="1" name="com.automation.testcases.GetAllLinks" time="0.084" errors="0" timestamp="2024-02-24T22:42:07 IST" skipped="0">
  <testcase classname="com.automation.testcases.GetAllLinks" name="displayLinks" time="0.084"/>
</testsuite> <!-- com.automation.testcases.GetAllLinks -->
