<?xml version="1.0" encoding="UTF-8"?>
<!-- Generated by org.testng.reporters.JUnitReportReporter -->
<testsuite hostname="DESKTOP-8BVEME5" failures="0" tests="2" name="com.automation.testscripts.TC09_ExcelData_2SetsData" time="70.418" errors="0" timestamp="2024-02-15T13:24:55 IST" skipped="0">
  <testcase classname="com.automation.testscripts.TC09_ExcelData_2SetsData" name="createRecord" time="36.907"/>
  <testcase classname="com.automation.testscripts.TC09_ExcelData_2SetsData" name="createRecord" time="33.511"/>
</testsuite> <!-- com.automation.testscripts.TC09_ExcelData_2SetsData -->
