<?xml version="1.0" encoding="UTF-8"?>
<!-- Generated by org.testng.reporters.JUnitReportReporter -->
<testsuite hostname="DESKTOP-8BVEME5" failures="0" tests="2" name="com.automation.testscripts.TC11_ExcelData_RowsColumnsLooping" time="71.129" errors="0" timestamp="2024-02-15T13:39:50 IST" skipped="0">
  <testcase classname="com.automation.testscripts.TC11_ExcelData_RowsColumnsLooping" name="createRecord" time="36.813"/>
  <testcase classname="com.automation.testscripts.TC11_ExcelData_RowsColumnsLooping" name="createRecord" time="34.316"/>
</testsuite> <!-- com.automation.testscripts.TC11_ExcelData_RowsColumnsLooping -->
