<?xml version="1.0" encoding="UTF-8"?>
<!-- Generated by org.testng.reporters.JUnitReportReporter -->
<testsuite hostname="DESKTOP-8BVEME5" failures="0" tests="1" name="com.automation.testscripts.TC05_CreateRecord" time="49.460" errors="0" timestamp="2024-02-09T00:10:09 IST" skipped="0">
  <testcase classname="com.automation.testscripts.TC05_CreateRecord" name="createRecord" time="49.460"/>
</testsuite> <!-- com.automation.testscripts.TC05_CreateRecord -->
