<?xml version="1.0" encoding="UTF-8"?>
<!-- Generated by org.testng.reporters.JUnitReportReporter -->
<testsuite hostname="DESKTOP-8BVEME5" failures="0" tests="3" name="com.automation.testscripts.TC06_CreateRecord" time="112.115" errors="0" timestamp="2024-02-09T00:34:49 IST" skipped="0">
  <testcase classname="com.automation.testscripts.TC06_CreateRecord" name="createRecord" time="34.165"/>
  <testcase classname="com.automation.testscripts.TC06_CreateRecord" name="createRecord" time="44.061"/>
  <testcase classname="com.automation.testscripts.TC06_CreateRecord" name="createRecord" time="33.889"/>
</testsuite> <!-- com.automation.testscripts.TC06_CreateRecord -->
