<?xml version="1.0" encoding="UTF-8"?>
<!-- Generated by org.testng.reporters.JUnitReportReporter -->
<testsuite hostname="DESKTOP-8BVEME5" failures="0" tests="3" name="com.automation.testscripts.TC15_ExcelHelperPassingParameters" time="105.288" errors="0" timestamp="2024-02-15T14:18:24 IST" skipped="0">
  <testcase classname="com.automation.testscripts.TC15_ExcelHelperPassingParameters" name="createRecord" time="34.157"/>
  <testcase classname="com.automation.testscripts.TC15_ExcelHelperPassingParameters" name="createRecord" time="33.989"/>
  <testcase classname="com.automation.testscripts.TC15_ExcelHelperPassingParameters" name="createRecord" time="37.142"/>
</testsuite> <!-- com.automation.testscripts.TC15_ExcelHelperPassingParameters -->
