<?xml version="1.0" encoding="UTF-8"?>
<!-- Generated by org.testng.reporters.JUnitReportReporter -->
<testsuite hostname="DESKTOP-8BVEME5" failures="0" tests="2" name="com.automation.testcases.VerifyTitle" time="0.046" errors="0" timestamp="2024-02-24T22:34:56 IST" skipped="0">
  <testcase classname="com.automation.testcases.VerifyTitle" name="verifyPageURL" time="0.014"/>
  <testcase classname="com.automation.testcases.VerifyTitle" name="verifyPageTitle" time="0.032"/>
</testsuite> <!-- com.automation.testcases.VerifyTitle -->
