<?xml version="1.0" encoding="UTF-8"?>
<!-- Generated by org.testng.reporters.JUnitReportReporter -->
<testsuite hostname="DESKTOP-8BVEME5" failures="0" tests="1" name="com.automation.testcases.LinksCount" time="0.047" errors="0" timestamp="2024-02-24T22:40:16 IST" skipped="0">
  <testcase classname="com.automation.testcases.LinksCount" name="showLinksCount" time="0.047"/>
</testsuite> <!-- com.automation.testcases.LinksCount -->
