<?xml version="1.0" encoding="UTF-8"?>
<!-- Generated by org.testng.reporters.JUnitReportReporter -->
<testsuite hostname="DESKTOP-8BVEME5" failures="0" tests="1" name="com.automation.testscripts.TC03_CreateRecord" time="60.737" errors="0" timestamp="2024-02-08T23:41:05 IST" skipped="0">
  <testcase classname="com.automation.testscripts.TC03_CreateRecord" name="createRecord" time="60.737"/>
</testsuite> <!-- com.automation.testscripts.TC03_CreateRecord -->
